\BOOKMARK [1][-]{section.1}{\376\377\000I\000n\000t\000r\000o\000d\000u\000c\000t\000i\000o\000n}{}% 1
\BOOKMARK [1][-]{section.2}{\376\377\000S\000y\000s\000t\000e\000m\000\040\000O\000v\000e\000r\000v\000i\000e\000w}{}% 2
\BOOKMARK [2][-]{subsection.2.1}{\376\377\000P\000u\000r\000p\000o\000s\000e}{section.2}% 3
\BOOKMARK [2][-]{subsection.2.2}{\376\377\000M\000a\000i\000n\000\040\000C\000a\000p\000a\000b\000i\000l\000i\000t\000i\000e\000s}{section.2}% 4
\BOOKMARK [2][-]{subsection.2.3}{\376\377\000K\000n\000o\000w\000n\000\040\000L\000i\000m\000i\000t\000a\000t\000i\000o\000n\000s}{section.2}% 5
\BOOKMARK [2][-]{subsection.2.4}{\376\377\000P\000h\000y\000s\000i\000c\000a\000l\000\040\000S\000p\000e\000c\000i\000f\000i\000c\000a\000t\000i\000o\000n\000s}{section.2}% 6
\BOOKMARK [1][-]{section.3}{\376\377\000C\000o\000m\000p\000o\000n\000e\000n\000t\000s\000\040\000R\000e\000f\000e\000r\000e\000n\000c\000e}{}% 7
\BOOKMARK [2][-]{subsection.3.1}{\376\377\000F\000l\000i\000g\000h\000t\000\040\000P\000l\000a\000t\000f\000o\000r\000m}{section.3}% 8
\BOOKMARK [2][-]{subsection.3.2}{\376\377\000F\000l\000i\000g\000h\000t\000\040\000C\000o\000n\000t\000r\000o\000l\000l\000e\000r\000\040\000S\000y\000s\000t\000e\000m}{section.3}% 9
\BOOKMARK [2][-]{subsection.3.3}{\376\377\000C\000o\000m\000p\000a\000n\000i\000o\000n\000\040\000C\000o\000m\000p\000u\000t\000e\000r}{section.3}% 10
\BOOKMARK [2][-]{subsection.3.4}{\376\377\000P\000o\000w\000e\000r\000\040\000S\000y\000s\000t\000e\000m}{section.3}% 11
\BOOKMARK [2][-]{subsection.3.5}{\376\377\000E\000x\000p\000l\000o\000d\000e\000d\000\040\000V\000i\000e\000w\000\040\000a\000n\000d\000\040\000C\000o\000n\000n\000e\000c\000t\000o\000r\000\040\000M\000a\000p}{section.3}% 12
\BOOKMARK [1][-]{section.4}{\376\377\000S\000o\000f\000t\000w\000a\000r\000e\000\040\000O\000v\000e\000r\000v\000i\000e\000w}{}% 13
\BOOKMARK [2][-]{subsection.4.1}{\376\377\000O\000n\000b\000o\000a\000r\000d\000\040\000S\000o\000f\000t\000w\000a\000r\000e}{section.4}% 14
\BOOKMARK [2][-]{subsection.4.2}{\376\377\000G\000r\000o\000u\000n\000d\000\040\000C\000o\000n\000t\000r\000o\000l\000\040\000S\000o\000f\000t\000w\000a\000r\000e}{section.4}% 15
\BOOKMARK [1][-]{section.5}{\376\377\000S\000e\000t\000u\000p\000\040\000a\000n\000d\000\040\000C\000o\000n\000f\000i\000g\000u\000r\000a\000t\000i\000o\000n}{}% 16
\BOOKMARK [2][-]{subsection.5.1}{\376\377\000S\000e\000t\000u\000p\000\040\000G\000u\000i\000d\000e\000\040\0001\000:\000\040\000Q\000G\000r\000o\000u\000n\000d\000C\000o\000n\000t\000r\000o\000l\000\040\000a\000n\000d\000\040\000P\000i\000x\000h\000a\000w\000k}{section.5}% 17
\BOOKMARK [2][-]{subsection.5.2}{\376\377\000S\000e\000t\000u\000p\000\040\000G\000u\000i\000d\000e\000\040\0002\000:\000\040\000J\000e\000t\000s\000o\000n\000\040\000N\000e\000t\000w\000o\000r\000k\000\040\000a\000n\000d\000\040\000S\000S\000H\000\040\000A\000c\000c\000e\000s\000s}{section.5}% 18
\BOOKMARK [2][-]{subsection.5.3}{\376\377\000S\000e\000t\000u\000p\000\040\000G\000u\000i\000d\000e\000\040\0003\000:\000\040\000R\000e\000p\000o\000s\000i\000t\000o\000r\000y\000\040\000C\000l\000o\000n\000e\000,\000\040\000U\000p\000d\000a\000t\000e\000,\000\040\000a\000n\000d\000\040\000V\000e\000r\000s\000i\000o\000n\000\040\000C\000o\000n\000t\000r\000o\000l}{section.5}% 19
\BOOKMARK [1][-]{section.6}{\376\377\000P\000r\000e\000-\000F\000l\000i\000g\000h\000t\000\040\000C\000h\000e\000c\000k\000l\000i\000s\000t}{}% 20
\BOOKMARK [1][-]{section.7}{\376\377\000O\000p\000e\000r\000a\000t\000i\000o\000n}{}% 21
\BOOKMARK [2][-]{subsection.7.1}{\376\377\000S\000t\000a\000r\000t\000u\000p\000\040\000P\000r\000o\000c\000e\000d\000u\000r\000e}{section.7}% 22
\BOOKMARK [2][-]{subsection.7.2}{\376\377\000R\000C\000\040\000T\000r\000a\000n\000s\000m\000i\000t\000t\000e\000r\000\040\000G\000u\000i\000d\000e}{section.7}% 23
\BOOKMARK [2][-]{subsection.7.3}{\376\377\000A\000r\000m\000i\000n\000g\000\040\000a\000n\000d\000\040\000D\000i\000s\000a\000r\000m\000i\000n\000g}{section.7}% 24
\BOOKMARK [2][-]{subsection.7.4}{\376\377\000F\000l\000i\000g\000h\000t\000\040\000M\000o\000d\000e\000s}{section.7}% 25
\BOOKMARK [2][-]{subsection.7.5}{\376\377\000U\000s\000i\000n\000g\000\040\000Q\000G\000r\000o\000u\000n\000d\000C\000o\000n\000t\000r\000o\000l}{section.7}% 26
\BOOKMARK [3][-]{subsubsection.7.5.1}{\376\377\000C\000o\000n\000n\000e\000c\000t\000i\000n\000g\000\040\000t\000o\000\040\000t\000h\000e\000\040\000D\000r\000o\000n\000e}{subsection.7.5}% 27
\BOOKMARK [3][-]{subsubsection.7.5.2}{\376\377\000M\000a\000i\000n\000\040\000F\000l\000i\000g\000h\000t\000\040\000S\000c\000r\000e\000e\000n}{subsection.7.5}% 28
\BOOKMARK [3][-]{subsubsection.7.5.3}{\376\377\000P\000l\000a\000n\000n\000i\000n\000g\000\040\000a\000\040\000M\000i\000s\000s\000i\000o\000n\000\040\000\050\000W\000a\000y\000p\000o\000i\000n\000t\000s\000\051}{subsection.7.5}% 29
\BOOKMARK [3][-]{subsubsection.7.5.4}{\376\377\000V\000i\000e\000w\000i\000n\000g\000\040\000a\000n\000d\000\040\000C\000h\000a\000n\000g\000i\000n\000g\000\040\000P\000a\000r\000a\000m\000e\000t\000e\000r\000s}{subsection.7.5}% 30
\BOOKMARK [3][-]{subsubsection.7.5.5}{\376\377\000C\000o\000n\000f\000i\000g\000u\000r\000i\000n\000g\000\040\000t\000h\000e\000\040\000G\000e\000o\000f\000e\000n\000c\000e}{subsection.7.5}% 31
\BOOKMARK [3][-]{subsubsection.7.5.6}{\376\377\000D\000o\000w\000n\000l\000o\000a\000d\000i\000n\000g\000\040\000F\000l\000i\000g\000h\000t\000\040\000L\000o\000g\000s}{subsection.7.5}% 32
\BOOKMARK [2][-]{subsection.7.6}{\376\377\000R\000u\000n\000n\000i\000n\000g\000\040\000a\000\040\000M\000i\000s\000s\000i\000o\000n\000\040\000o\000r\000\040\000T\000e\000s\000t}{section.7}% 33
\BOOKMARK [2][-]{subsection.7.7}{\376\377\000R\000u\000n\000n\000i\000n\000g\000\040\000G\000r\000o\000u\000n\000d\000\040\000C\000o\000n\000t\000r\000o\000l\000\040\000S\000t\000a\000t\000i\000o\000n\000\040\000S\000c\000r\000i\000p\000t\000s}{section.7}% 34
\BOOKMARK [2][-]{subsection.7.8}{\376\377\000I\000n\000-\000F\000l\000i\000g\000h\000t\000\040\000M\000o\000n\000i\000t\000o\000r\000i\000n\000g}{section.7}% 35
\BOOKMARK [2][-]{subsection.7.9}{\376\377\000L\000a\000n\000d\000i\000n\000g\000\040\000P\000r\000o\000c\000e\000d\000u\000r\000e\000s}{section.7}% 36
\BOOKMARK [2][-]{subsection.7.10}{\376\377\000P\000o\000s\000t\000-\000F\000l\000i\000g\000h\000t\000\040\000S\000h\000u\000t\000d\000o\000w\000n}{section.7}% 37
\BOOKMARK [1][-]{section.8}{\376\377\000T\000r\000o\000u\000b\000l\000e\000s\000h\000o\000o\000t\000i\000n\000g}{}% 38
\BOOKMARK [2][-]{subsection.8.1}{\376\377\000C\000o\000m\000m\000o\000n\000\040\000I\000s\000s\000u\000e\000s}{section.8}% 39
\BOOKMARK [2][-]{subsection.8.2}{\376\377\000C\000o\000m\000p\000o\000n\000e\000n\000t\000-\000S\000p\000e\000c\000i\000f\000i\000c\000\040\000D\000i\000a\000g\000n\000o\000s\000t\000i\000c\000s}{section.8}% 40
\BOOKMARK [3][-]{subsubsection.8.2.1}{\376\377\000P\000i\000x\000h\000a\000w\000k}{subsection.8.2}% 41
\BOOKMARK [3][-]{subsubsection.8.2.2}{\376\377\000G\000P\000S\000\040\000M\000o\000d\000u\000l\000e\000\040\000\050\000H\000o\000l\000y\000b\000r\000o\000\040\000M\0009\000N\000\051}{subsection.8.2}% 42
\BOOKMARK [3][-]{subsubsection.8.2.3}{\376\377\000R\000C\000\040\000R\000e\000c\000e\000i\000v\000e\000r\000\040\000\050\000F\000l\000y\000S\000k\000y\000\040\000F\000S\000-\000i\000A\0006\000B\000\051}{subsection.8.2}% 43
\BOOKMARK [3][-]{subsubsection.8.2.4}{\376\377\000T\000e\000l\000e\000m\000e\000t\000r\000y\000\040\000R\000a\000d\000i\000o\000\040\000\050\000R\000F\000D\0009\0000\0000\000x\000\040\000/\000\040\000S\000i\000K\000\051}{subsection.8.2}% 44
\BOOKMARK [3][-]{subsubsection.8.2.5}{\376\377\000J\000e\000t\000s\000o\000n\000\040\000a\000n\000d\000\040\000M\000A\000V\000R\000O\000S}{subsection.8.2}% 45
\BOOKMARK [3][-]{subsubsection.8.2.6}{\376\377\000B\000a\000t\000t\000e\000r\000y\000\040\000a\000n\000d\000\040\000P\000o\000w\000e\000r\000\040\000S\000y\000s\000t\000e\000m}{subsection.8.2}% 46
\BOOKMARK [2][-]{subsection.8.3}{\376\377\000E\000m\000e\000r\000g\000e\000n\000c\000y\000\040\000P\000r\000o\000c\000e\000d\000u\000r\000e\000s}{section.8}% 47
\BOOKMARK [1][-]{section.9}{\376\377\000S\000a\000f\000e\000t\000y\000\040\000G\000u\000i\000d\000e\000l\000i\000n\000e\000s}{}% 48
\BOOKMARK [2][-]{subsection.9.1}{\376\377\000H\000a\000z\000a\000r\000d\000s}{section.9}% 49
\BOOKMARK [2][-]{subsection.9.2}{\376\377\000S\000a\000f\000e\000\040\000O\000p\000e\000r\000a\000t\000i\000n\000g\000\040\000R\000u\000l\000e\000s}{section.9}% 50
\BOOKMARK [1][-]{section.10}{\376\377\000L\000e\000g\000a\000l\000\040\000a\000n\000d\000\040\000R\000e\000g\000u\000l\000a\000t\000o\000r\000y\000\040\000C\000o\000m\000p\000l\000i\000a\000n\000c\000e}{}% 51
\BOOKMARK [2][-]{subsection.10.1}{\376\377\000E\000U\000\040\000D\000r\000o\000n\000e\000\040\000R\000e\000g\000u\000l\000a\000t\000i\000o\000n\000s\000\040\000\050\000a\000s\000\040\000o\000f\000\040\0002\0000\0002\0005\000\051}{section.10}% 52
\BOOKMARK [2][-]{subsection.10.2}{\376\377\000S\000w\000e\000d\000e\000n\000-\000S\000p\000e\000c\000i\000f\000i\000c\000\040\000R\000e\000q\000u\000i\000r\000e\000m\000e\000n\000t\000s}{section.10}% 53
\BOOKMARK [2][-]{subsection.10.3}{\376\377\000D\000i\000s\000c\000l\000a\000i\000m\000e\000r}{section.10}% 54
\BOOKMARK [1][-]{appendix.A}{\376\377\000G\000l\000o\000s\000s\000a\000r\000y}{}% 55
\BOOKMARK [1][-]{appendix.B}{\376\377\000T\000e\000c\000h\000n\000i\000c\000a\000l\000\040\000S\000p\000e\000c\000i\000f\000i\000c\000a\000t\000i\000o\000n\000s}{}% 56
\BOOKMARK [1][-]{appendix.C}{\376\377\000P\000X\0004\000\040\000P\000a\000r\000a\000m\000e\000t\000e\000r\000\040\000R\000e\000f\000e\000r\000e\000n\000c\000e}{}% 57
\BOOKMARK [1][-]{appendix.D}{\376\377\000M\000o\000t\000o\000r\000\040\000C\000o\000n\000f\000i\000g\000u\000r\000a\000t\000i\000o\000n\000\040\000a\000n\000d\000\040\000P\000r\000o\000p\000e\000l\000l\000e\000r\000\040\000D\000i\000a\000g\000r\000a\000m}{}% 58
\BOOKMARK [1][-]{appendix.E}{\376\377\000C\000a\000l\000i\000b\000r\000a\000t\000i\000o\000n\000\040\000P\000r\000o\000c\000e\000d\000u\000r\000e\000s}{}% 59
\BOOKMARK [1][-]{appendix.F}{\376\377\000M\000a\000i\000n\000t\000e\000n\000a\000n\000c\000e\000\040\000S\000c\000h\000e\000d\000u\000l\000e}{}% 60
\BOOKMARK [1][-]{appendix.G}{\376\377\000E\000m\000e\000r\000g\000e\000n\000c\000y\000\040\000a\000n\000d\000\040\000S\000u\000p\000p\000o\000r\000t\000\040\000C\000o\000n\000t\000a\000c\000t\000s}{}% 61
